android/build/outputs/logs/manifest-merger-debug-report.txt
-- Merging decision tree log ---
manifest
ADDED from BunnyHood-master\android\AndroidManifest.xml:2:1-32:12
INJECTED from BunnyHood-master\android\AndroidManifest.xml:2:1-32:12
INJECTED from BunnyHood-master\android\AndroidManifest.xml:2:1-32:12
INJECTED from BunnyHood-master\android\AndroidManifest.xml:2:1-32:12
MERGED from [com.google.firebase:firebase-core:11.0.2] AndroidManifest.xml:2:1-6:12
MERGED from [com.android.support:appcompat-v7:25.4.0] AndroidManifest.xml:17:1-31:12
MERGED from [com.android.support:animated-vector-drawable:25.4.0] AndroidManifest.xml:17:1-28:12
MERGED from [com.android.support:support-vector-drawable:25.4.0] AndroidManifest.xml:17:1-28:12
MERGED from [com.google.firebase:firebase-storage:11.0.2] AndroidManifest.xml:2:1-4:12
MERGED from [com.google.firebase:firebase-auth:11.0.2] AndroidManifest.xml:16:1-21:12
MERGED from [com.google.firebase:firebase-crash:11.0.2] AndroidManifest.xml:16:1-25:12
MERGED from [com.google.firebase:firebase-database:11.0.2] AndroidManifest.xml:2:1-4:12
MERGED from [com.google.firebase:firebase-analytics:11.0.2] AndroidManifest.xml:16:1-35:12
MERGED from [com.google.firebase:firebase-storage-common:11.0.2] AndroidManifest.xml:2:1-4:12
MERGED from [com.google.firebase:firebase-analytics-impl:11.0.2] AndroidManifest.xml:16:1-29:12
MERGED from [com.google.firebase:firebase-iid:11.0.2] AndroidManifest.xml:16:1-50:12
MERGED from [com.google.firebase:firebase-database-connection:11.0.2] AndroidManifest.xml:2:1-4:12
MERGED from [com.google.firebase:firebase-common:11.0.2] AndroidManifest.xml:2:1-8:12
MERGED from [com.google.android.gms:play-services-base:11.0.2] AndroidManifest.xml:16:1-21:12
MERGED from [com.google.android.gms:play-services-tasks:11.0.2] AndroidManifest.xml:2:1-5:12
MERGED from [com.google.android.gms:play-services-basement:11.0.2] AndroidManifest.xml:16:1-23:12
MERGED from [com.android.support:support-v4:25.4.0] AndroidManifest.xml:17:1-31:12
MERGED from [com.android.support:support-fragment:25.4.0] AndroidManifest.xml:17:1-31:12
MERGED from [com.android.support:support-core-ui:25.4.0] AndroidManifest.xml:17:1-31:12
MERGED from [com.android.support:support-media-compat:25.4.0] AndroidManifest.xml:17:1-31:12
MERGED from [com.android.support:support-core-utils:25.4.0] AndroidManifest.xml:17:1-31:12
MERGED from [com.android.support:support-compat:25.4.0] AndroidManifest.xml:17:1-31:12
MERGED from [pl.mk5.gdx-fireapp:gdx-fireapp-android:1.3.1] AndroidManifest.xml:17:1-32:12
MERGED from [com.android.support.constraint:constraint-layout:1.1.0] AndroidManifest.xml:2:1-11:12
INJECTED from BunnyHood-master\android\AndroidManifest.xml:2:1-32:12
INJECTED from BunnyHood-master\android\AndroidManifest.xml:2:1-32:12
INJECTED from BunnyHood-master\android\AndroidManifest.xml:2:1-32:12
	package
		ADDED from BunnyHood-master\android\AndroidManifest.xml:3:5-27
		INJECTED from BunnyHood-master\android\AndroidManifest.xml
		INJECTED from BunnyHood-master\android\AndroidManifest.xml
	android:versionName
		INJECTED from BunnyHood-master\android\AndroidManifest.xml
		ADDED from BunnyHood-master\android\AndroidManifest.xml:2:1-32:12
		INJECTED from BunnyHood-master\android\AndroidManifest.xml
	android:versionCode
		INJECTED from BunnyHood-master\android\AndroidManifest.xml
		ADDED from BunnyHood-master\android\AndroidManifest.xml:2:1-32:12
		INJECTED from BunnyHood-master\android\AndroidManifest.xml
	xmlns:android
		ADDED from BunnyHood-master\android\AndroidManifest.xml:2:11-69
uses-sdk
ADDED from BunnyHood-master\android\AndroidManifest.xml:5:5-7:41
INJECTED from BunnyHood-master\android\AndroidManifest.xml:5:5-7:41
INJECTED from BunnyHood-master\android\AndroidManifest.xml:5:5-7:41
MERGED from [com.google.firebase:firebase-core:11.0.2] AndroidManifest.xml:4:5-43
MERGED from [com.google.firebase:firebase-core:11.0.2] AndroidManifest.xml:4:5-43
MERGED from [com.android.support:appcompat-v7:25.4.0] AndroidManifest.xml:21:5-23:78
MERGED from [com.android.support:appcompat-v7:25.4.0] AndroidManifest.xml:21:5-23:78
MERGED from [com.android.support:animated-vector-drawable:25.4.0] AndroidManifest.xml:20:5-44
MERGED from [com.android.support:animated-vector-drawable:25.4.0] AndroidManifest.xml:20:5-44
MERGED from [com.android.support:support-vector-drawable:25.4.0] AndroidManifest.xml:20:5-43
MERGED from [com.android.support:support-vector-drawable:25.4.0] AndroidManifest.xml:20:5-43
MERGED from [com.google.firebase:firebase-storage:11.0.2] AndroidManifest.xml:3:5-43
MERGED from [com.google.firebase:firebase-storage:11.0.2] AndroidManifest.xml:3:5-43
MERGED from [com.google.firebase:firebase-auth:11.0.2] AndroidManifest.xml:17:5-43
MERGED from [com.google.firebase:firebase-auth:11.0.2] AndroidManifest.xml:17:5-43
MERGED from [com.google.firebase:firebase-crash:11.0.2] AndroidManifest.xml:20:5-43
MERGED from [com.google.firebase:firebase-crash:11.0.2] AndroidManifest.xml:20:5-43
MERGED from [com.google.firebase:firebase-database:11.0.2] AndroidManifest.xml:3:5-43
MERGED from [com.google.firebase:firebase-database:11.0.2] AndroidManifest.xml:3:5-43
MERGED from [com.google.firebase:firebase-analytics:11.0.2] AndroidManifest.xml:17:5-43
MERGED from [com.google.firebase:firebase-analytics:11.0.2] AndroidManifest.xml:17:5-43
MERGED from [com.google.firebase:firebase-storage-common:11.0.2] AndroidManifest.xml:3:5-43
MERGED from [com.google.firebase:firebase-storage-common:11.0.2] AndroidManifest.xml:3:5-43
MERGED from [com.google.firebase:firebase-analytics-impl:11.0.2] AndroidManifest.xml:17:5-43
MERGED from [com.google.firebase:firebase-analytics-impl:11.0.2] AndroidManifest.xml:17:5-43
MERGED from [com.google.firebase:firebase-iid:11.0.2] AndroidManifest.xml:17:5-43
MERGED from [com.google.firebase:firebase-iid:11.0.2] AndroidManifest.xml:17:5-43
MERGED from [com.google.firebase:firebase-database-connection:11.0.2] AndroidManifest.xml:3:5-43
MERGED from [com.google.firebase:firebase-database-connection:11.0.2] AndroidManifest.xml:3:5-43
MERGED from [com.google.firebase:firebase-common:11.0.2] AndroidManifest.xml:3:5-43
MERGED from [com.google.firebase:firebase-common:11.0.2] AndroidManifest.xml:3:5-43
MERGED from [com.google.android.gms:play-services-base:11.0.2] AndroidManifest.xml:17:5-43
MERGED from [com.google.android.gms:play-services-base:11.0.2] AndroidManifest.xml:17:5-43
MERGED from [com.google.android.gms:play-services-tasks:11.0.2] AndroidManifest.xml:3:5-43
MERGED from [com.google.android.gms:play-services-tasks:11.0.2] AndroidManifest.xml:3:5-43
MERGED from [com.google.android.gms:play-services-basement:11.0.2] AndroidManifest.xml:17:5-43
MERGED from [com.google.android.gms:play-services-basement:11.0.2] AndroidManifest.xml:17:5-43
MERGED from [com.android.support:support-v4:25.4.0] AndroidManifest.xml:21:5-23:54
MERGED from [com.android.support:support-v4:25.4.0] AndroidManifest.xml:21:5-23:54
MERGED from [com.android.support:support-fragment:25.4.0] AndroidManifest.xml:21:5-23:60
MERGED from [com.android.support:support-fragment:25.4.0] AndroidManifest.xml:21:5-23:60
MERGED from [com.android.support:support-core-ui:25.4.0] AndroidManifest.xml:21:5-23:58
MERGED from [com.android.support:support-core-ui:25.4.0] AndroidManifest.xml:21:5-23:58
MERGED from [com.android.support:support-media-compat:25.4.0] AndroidManifest.xml:21:5-23:63
MERGED from [com.android.support:support-media-compat:25.4.0] AndroidManifest.xml:21:5-23:63
MERGED from [com.android.support:support-core-utils:25.4.0] AndroidManifest.xml:21:5-23:61
MERGED from [com.android.support:support-core-utils:25.4.0] AndroidManifest.xml:21:5-23:61
MERGED from [com.android.support:support-compat:25.4.0] AndroidManifest.xml:21:5-23:58
MERGED from [com.android.support:support-compat:25.4.0] AndroidManifest.xml:21:5-23:58
MERGED from [pl.mk5.gdx-fireapp:gdx-fireapp-android:1.3.1] AndroidManifest.xml:22:5-24:41
MERGED from [pl.mk5.gdx-fireapp:gdx-fireapp-android:1.3.1] AndroidManifest.xml:22:5-24:41
MERGED from [com.android.support.constraint:constraint-layout:1.1.0] AndroidManifest.xml:5:5-7:41
MERGED from [com.android.support.constraint:constraint-layout:1.1.0] AndroidManifest.xml:5:5-7:41
INJECTED from BunnyHood-master\android\AndroidManifest.xml:5:5-7:41
INJECTED from BunnyHood-master\android\AndroidManifest.xml:5:5-7:41
	tools:overrideLibrary
		ADDED from [com.android.support:appcompat-v7:25.4.0] AndroidManifest.xml:23:9-75
	android:targetSdkVersion
		ADDED from BunnyHood-master\android\AndroidManifest.xml:7:9-38
		INJECTED from BunnyHood-master\android\AndroidManifest.xml
		INJECTED from BunnyHood-master\android\AndroidManifest.xml
	android:minSdkVersion
		ADDED from BunnyHood-master\android\AndroidManifest.xml:6:9-34
		INJECTED from BunnyHood-master\android\AndroidManifest.xml
		INJECTED from BunnyHood-master\android\AndroidManifest.xml
uses-permission#android.permission.WRITE_EXTERNAL_STORAGE
ADDED from BunnyHood-master\android\AndroidManifest.xml:9:5-81
	android:name
		ADDED from BunnyHood-master\android\AndroidManifest.xml:9:22-78
uses-permission#android.permission.READ_PHONE_STATE
ADDED from BunnyHood-master\android\AndroidManifest.xml:10:5-75
	android:name
		ADDED from BunnyHood-master\android\AndroidManifest.xml:10:22-72
uses-permission#android.permission.READ_EXTERNAL_STORAGE
ADDED from BunnyHood-master\android\AndroidManifest.xml:11:5-80
	android:name
		ADDED from BunnyHood-master\android\AndroidManifest.xml:11:22-77
application
ADDED from BunnyHood-master\android\AndroidManifest.xml:13:5-30:19
MERGED from [com.google.firebase:firebase-core:11.0.2] AndroidManifest.xml:5:5-20
MERGED from [com.google.firebase:firebase-core:11.0.2] AndroidManifest.xml:5:5-20
MERGED from [com.android.support:appcompat-v7:25.4.0] AndroidManifest.xml:25:5-29:19
MERGED from [com.android.support:appcompat-v7:25.4.0] AndroidManifest.xml:25:5-29:19
MERGED from [com.android.support:animated-vector-drawable:25.4.0] AndroidManifest.xml:22:5-26:19
MERGED from [com.android.support:animated-vector-drawable:25.4.0] AndroidManifest.xml:22:5-26:19
MERGED from [com.android.support:support-vector-drawable:25.4.0] AndroidManifest.xml:22:5-26:19
MERGED from [com.android.support:support-vector-drawable:25.4.0] AndroidManifest.xml:22:5-26:19
MERGED from [com.google.firebase:firebase-auth:11.0.2] AndroidManifest.xml:19:5-20:19
MERGED from [com.google.firebase:firebase-auth:11.0.2] AndroidManifest.xml:19:5-20:19
MERGED from [com.google.firebase:firebase-crash:11.0.2] AndroidManifest.xml:22:5-23:19
MERGED from [com.google.firebase:firebase-crash:11.0.2] AndroidManifest.xml:22:5-23:19
MERGED from [com.google.firebase:firebase-analytics:11.0.2] AndroidManifest.xml:24:5-34:19
MERGED from [com.google.firebase:firebase-analytics:11.0.2] AndroidManifest.xml:24:5-34:19
MERGED from [com.google.firebase:firebase-analytics-impl:11.0.2] AndroidManifest.xml:24:5-28:19
MERGED from [com.google.firebase:firebase-analytics-impl:11.0.2] AndroidManifest.xml:24:5-28:19
MERGED from [com.google.firebase:firebase-iid:11.0.2] AndroidManifest.xml:28:5-49:19
MERGED from [com.google.firebase:firebase-iid:11.0.2] AndroidManifest.xml:28:5-49:19
MERGED from [com.google.firebase:firebase-common:11.0.2] AndroidManifest.xml:4:5-7:19
MERGED from [com.google.firebase:firebase-common:11.0.2] AndroidManifest.xml:4:5-7:19
MERGED from [com.google.android.gms:play-services-base:11.0.2] AndroidManifest.xml:18:5-20:19
MERGED from [com.google.android.gms:play-services-base:11.0.2] AndroidManifest.xml:18:5-20:19
MERGED from [com.google.android.gms:play-services-tasks:11.0.2] AndroidManifest.xml:4:5-19
MERGED from [com.google.android.gms:play-services-tasks:11.0.2] AndroidManifest.xml:4:5-19
MERGED from [com.google.android.gms:play-services-basement:11.0.2] AndroidManifest.xml:19:5-21:19
MERGED from [com.google.android.gms:play-services-basement:11.0.2] AndroidManifest.xml:19:5-21:19
MERGED from [com.android.support:support-v4:25.4.0] AndroidManifest.xml:25:5-29:19
MERGED from [com.android.support:support-v4:25.4.0] AndroidManifest.xml:25:5-29:19
MERGED from [com.android.support:support-fragment:25.4.0] AndroidManifest.xml:25:5-29:19
MERGED from [com.android.support:support-fragment:25.4.0] AndroidManifest.xml:25:5-29:19
MERGED from [com.android.support:support-core-ui:25.4.0] AndroidManifest.xml:25:5-29:19
MERGED from [com.android.support:support-core-ui:25.4.0] AndroidManifest.xml:25:5-29:19
MERGED from [com.android.support:support-media-compat:25.4.0] AndroidManifest.xml:25:5-29:19
MERGED from [com.android.support:support-media-compat:25.4.0] AndroidManifest.xml:25:5-29:19
MERGED from [com.android.support:support-core-utils:25.4.0] AndroidManifest.xml:25:5-29:19
MERGED from [com.android.support:support-core-utils:25.4.0] AndroidManifest.xml:25:5-29:19
MERGED from [com.android.support:support-compat:25.4.0] AndroidManifest.xml:25:5-29:19
MERGED from [com.android.support:support-compat:25.4.0] AndroidManifest.xml:25:5-29:19
MERGED from [pl.mk5.gdx-fireapp:gdx-fireapp-android:1.3.1] AndroidManifest.xml:30:5-53
MERGED from [pl.mk5.gdx-fireapp:gdx-fireapp-android:1.3.1] AndroidManifest.xml:30:5-53
MERGED from [com.android.support.constraint:constraint-layout:1.1.0] AndroidManifest.xml:9:5-20
MERGED from [com.android.support.constraint:constraint-layout:1.1.0] AndroidManifest.xml:9:5-20
	android:label
		ADDED from BunnyHood-master\android\AndroidManifest.xml:16:9-41
	android:icon
		ADDED from BunnyHood-master\android\AndroidManifest.xml:15:9-45
	android:allowBackup
		ADDED from BunnyHood-master\android\AndroidManifest.xml:14:9-35
activity#be.ecam.sept.AndroidLauncher
ADDED from BunnyHood-master\android\AndroidManifest.xml:18:9-29:20
	android:screenOrientation
		ADDED from BunnyHood-master\android\AndroidManifest.xml:22:13-50
	android:label
		ADDED from BunnyHood-master\android\AndroidManifest.xml:21:13-45
	android:configChanges
		ADDED from BunnyHood-master\android\AndroidManifest.xml:20:13-94
	android:theme
		ADDED from BunnyHood-master\android\AndroidManifest.xml:23:13-44
	android:name
		ADDED from BunnyHood-master\android\AndroidManifest.xml:19:13-44
intent-filter#action:name:android.intent.action.MAIN+category:name:android.intent.category.LAUNCHER
ADDED from BunnyHood-master\android\AndroidManifest.xml:24:13-28:29
action#android.intent.action.MAIN
ADDED from BunnyHood-master\android\AndroidManifest.xml:25:17-69
	android:name
		ADDED from BunnyHood-master\android\AndroidManifest.xml:25:25-66
category#android.intent.category.LAUNCHER
ADDED from BunnyHood-master\android\AndroidManifest.xml:27:17-77
	android:name
		ADDED from BunnyHood-master\android\AndroidManifest.xml:27:27-74
meta-data#android.support.VERSION
ADDED from [com.android.support:appcompat-v7:25.4.0] AndroidManifest.xml:26:9-28:38
MERGED from [com.android.support:animated-vector-drawable:25.4.0] AndroidManifest.xml:23:9-25:38
MERGED from [com.android.support:animated-vector-drawable:25.4.0] AndroidManifest.xml:23:9-25:38
MERGED from [com.android.support:support-vector-drawable:25.4.0] AndroidManifest.xml:23:9-25:38
MERGED from [com.android.support:support-vector-drawable:25.4.0] AndroidManifest.xml:23:9-25:38
MERGED from [com.android.support:support-v4:25.4.0] AndroidManifest.xml:26:9-28:38
MERGED from [com.android.support:support-v4:25.4.0] AndroidManifest.xml:26:9-28:38
MERGED from [com.android.support:support-fragment:25.4.0] AndroidManifest.xml:26:9-28:38
MERGED from [com.android.support:support-fragment:25.4.0] AndroidManifest.xml:26:9-28:38
MERGED from [com.android.support:support-core-ui:25.4.0] AndroidManifest.xml:26:9-28:38
MERGED from [com.android.support:support-core-ui:25.4.0] AndroidManifest.xml:26:9-28:38
MERGED from [com.android.support:support-media-compat:25.4.0] AndroidManifest.xml:26:9-28:38
MERGED from [com.android.support:support-media-compat:25.4.0] AndroidManifest.xml:26:9-28:38
MERGED from [com.android.support:support-core-utils:25.4.0] AndroidManifest.xml:26:9-28:38
MERGED from [com.android.support:support-core-utils:25.4.0] AndroidManifest.xml:26:9-28:38
MERGED from [com.android.support:support-compat:25.4.0] AndroidManifest.xml:26:9-28:38
MERGED from [com.android.support:support-compat:25.4.0] AndroidManifest.xml:26:9-28:38
	android:value
		ADDED from [com.android.support:appcompat-v7:25.4.0] AndroidManifest.xml:28:13-35
	android:name
		ADDED from [com.android.support:appcompat-v7:25.4.0] AndroidManifest.xml:27:13-51
uses-permission#android.permission.INTERNET
ADDED from [com.google.firebase:firebase-crash:11.0.2] AndroidManifest.xml:18:5-66
MERGED from [com.google.firebase:firebase-analytics:11.0.2] AndroidManifest.xml:20:5-66
MERGED from [com.google.firebase:firebase-analytics:11.0.2] AndroidManifest.xml:20:5-66
MERGED from [com.google.firebase:firebase-analytics-impl:11.0.2] AndroidManifest.xml:20:5-66
MERGED from [com.google.firebase:firebase-analytics-impl:11.0.2] AndroidManifest.xml:20:5-66
MERGED from [com.google.firebase:firebase-iid:11.0.2] AndroidManifest.xml:20:5-66
MERGED from [com.google.firebase:firebase-iid:11.0.2] AndroidManifest.xml:20:5-66
MERGED from [pl.mk5.gdx-fireapp:gdx-fireapp-android:1.3.1] AndroidManifest.xml:27:5-67
MERGED from [pl.mk5.gdx-fireapp:gdx-fireapp-android:1.3.1] AndroidManifest.xml:27:5-67
	android:name
		ADDED from [com.google.firebase:firebase-crash:11.0.2] AndroidManifest.xml:18:22-64
uses-permission#android.permission.ACCESS_NETWORK_STATE
ADDED from [com.google.firebase:firebase-analytics:11.0.2] AndroidManifest.xml:21:5-78
MERGED from [com.google.firebase:firebase-analytics-impl:11.0.2] AndroidManifest.xml:21:5-78
MERGED from [com.google.firebase:firebase-analytics-impl:11.0.2] AndroidManifest.xml:21:5-78
MERGED from [com.google.firebase:firebase-iid:11.0.2] AndroidManifest.xml:19:5-78
MERGED from [com.google.firebase:firebase-iid:11.0.2] AndroidManifest.xml:19:5-78
MERGED from [pl.mk5.gdx-fireapp:gdx-fireapp-android:1.3.1] AndroidManifest.xml:26:5-79
MERGED from [pl.mk5.gdx-fireapp:gdx-fireapp-android:1.3.1] AndroidManifest.xml:26:5-79
	android:name
		ADDED from [com.google.firebase:firebase-analytics:11.0.2] AndroidManifest.xml:21:22-76
uses-permission#android.permission.WAKE_LOCK
ADDED from [com.google.firebase:firebase-analytics:11.0.2] AndroidManifest.xml:22:5-67
MERGED from [com.google.firebase:firebase-analytics-impl:11.0.2] AndroidManifest.xml:22:5-67
MERGED from [com.google.firebase:firebase-analytics-impl:11.0.2] AndroidManifest.xml:22:5-67
MERGED from [com.google.firebase:firebase-iid:11.0.2] AndroidManifest.xml:21:5-67
MERGED from [com.google.firebase:firebase-iid:11.0.2] AndroidManifest.xml:21:5-67
MERGED from [pl.mk5.gdx-fireapp:gdx-fireapp-android:1.3.1] AndroidManifest.xml:28:5-68
MERGED from [pl.mk5.gdx-fireapp:gdx-fireapp-android:1.3.1] AndroidManifest.xml:28:5-68
	android:name
		ADDED from [com.google.firebase:firebase-analytics:11.0.2] AndroidManifest.xml:22:22-65
receiver#com.google.android.gms.measurement.AppMeasurementReceiver
ADDED from [com.google.firebase:firebase-analytics:11.0.2] AndroidManifest.xml:25:7-26:18
MERGED from [com.google.firebase:firebase-analytics-impl:11.0.2] AndroidManifest.xml:25:7-26:18
MERGED from [com.google.firebase:firebase-analytics-impl:11.0.2] AndroidManifest.xml:25:7-26:18
	android:enabled
		ADDED from [com.google.firebase:firebase-analytics:11.0.2] AndroidManifest.xml:25:90-112
	android:exported
		ADDED from [com.google.firebase:firebase-analytics:11.0.2] AndroidManifest.xml:25:113-137
	android:name
		ADDED from [com.google.firebase:firebase-analytics:11.0.2] AndroidManifest.xml:25:17-89
receiver#com.google.android.gms.measurement.AppMeasurementInstallReferrerReceiver
ADDED from [com.google.firebase:firebase-analytics:11.0.2] AndroidManifest.xml:27:7-31:18
	android:enabled
		ADDED from [com.google.firebase:firebase-analytics:11.0.2] AndroidManifest.xml:27:162-184
	android:exported
		ADDED from [com.google.firebase:firebase-analytics:11.0.2] AndroidManifest.xml:27:185-208
	android:permission
		ADDED from [com.google.firebase:firebase-analytics:11.0.2] AndroidManifest.xml:27:105-161
	android:name
		ADDED from [com.google.firebase:firebase-analytics:11.0.2] AndroidManifest.xml:27:17-104
intent-filter#action:name:com.android.vending.INSTALL_REFERRER
ADDED from [com.google.firebase:firebase-analytics:11.0.2] AndroidManifest.xml:28:11-30:27
action#com.android.vending.INSTALL_REFERRER
ADDED from [com.google.firebase:firebase-analytics:11.0.2] AndroidManifest.xml:29:15-76
	android:name
		ADDED from [com.google.firebase:firebase-analytics:11.0.2] AndroidManifest.xml:29:23-74
service#com.google.android.gms.measurement.AppMeasurementService
ADDED from [com.google.firebase:firebase-analytics:11.0.2] AndroidManifest.xml:32:7-137
MERGED from [com.google.firebase:firebase-analytics-impl:11.0.2] AndroidManifest.xml:27:7-137
MERGED from [com.google.firebase:firebase-analytics-impl:11.0.2] AndroidManifest.xml:27:7-137
	android:enabled
		ADDED from [com.google.firebase:firebase-analytics:11.0.2] AndroidManifest.xml:32:88-110
	android:exported
		ADDED from [com.google.firebase:firebase-analytics:11.0.2] AndroidManifest.xml:32:111-135
	android:name
		ADDED from [com.google.firebase:firebase-analytics:11.0.2] AndroidManifest.xml:32:16-87
service#com.google.android.gms.measurement.AppMeasurementJobService
ADDED from [com.google.firebase:firebase-analytics:11.0.2] AndroidManifest.xml:33:7-197
	android:enabled
		ADDED from [com.google.firebase:firebase-analytics:11.0.2] AndroidManifest.xml:33:148-170
	android:exported
		ADDED from [com.google.firebase:firebase-analytics:11.0.2] AndroidManifest.xml:33:171-195
	android:permission
		ADDED from [com.google.firebase:firebase-analytics:11.0.2] AndroidManifest.xml:33:91-147
	android:name
		ADDED from [com.google.firebase:firebase-analytics:11.0.2] AndroidManifest.xml:33:16-90
uses-permission#com.google.android.c2dm.permission.RECEIVE
ADDED from [com.google.firebase:firebase-iid:11.0.2] AndroidManifest.xml:22:5-81
	android:name
		ADDED from [com.google.firebase:firebase-iid:11.0.2] AndroidManifest.xml:22:22-79
permission#${applicationId}.permission.C2D_MESSAGE
ADDED from [com.google.firebase:firebase-iid:11.0.2] AndroidManifest.xml:24:5-109
	android:protectionLevel
		ADDED from [com.google.firebase:firebase-iid:11.0.2] AndroidManifest.xml:24:72-107
	android:name
		ADDED from [com.google.firebase:firebase-iid:11.0.2] AndroidManifest.xml:24:17-71
permission#be.ecam.sept.permission.C2D_MESSAGE
ADDED from [com.google.firebase:firebase-iid:11.0.2] AndroidManifest.xml:24:5-109
	android:protectionLevel
		ADDED from [com.google.firebase:firebase-iid:11.0.2] AndroidManifest.xml:24:72-107
	android:name
		ADDED from [com.google.firebase:firebase-iid:11.0.2] AndroidManifest.xml:24:17-71
uses-permission#${applicationId}.permission.C2D_MESSAGE
ADDED from [com.google.firebase:firebase-iid:11.0.2] AndroidManifest.xml:26:5-78
	android:name
		ADDED from [com.google.firebase:firebase-iid:11.0.2] AndroidManifest.xml:26:22-76
uses-permission#be.ecam.sept.permission.C2D_MESSAGE
ADDED from [com.google.firebase:firebase-iid:11.0.2] AndroidManifest.xml:26:5-78
	android:name
		ADDED from [com.google.firebase:firebase-iid:11.0.2] AndroidManifest.xml:26:22-76
receiver#com.google.firebase.iid.FirebaseInstanceIdReceiver
ADDED from [com.google.firebase:firebase-iid:11.0.2] AndroidManifest.xml:30:9-35:20
	android:exported
		ADDED from [com.google.firebase:firebase-iid:11.0.2] AndroidManifest.xml:30:85-108
	android:permission
		ADDED from [com.google.firebase:firebase-iid:11.0.2] AndroidManifest.xml:30:109-169
	android:name
		ADDED from [com.google.firebase:firebase-iid:11.0.2] AndroidManifest.xml:30:19-84
intent-filter#action:name:com.google.android.c2dm.intent.RECEIVE+category:name:${applicationId}
ADDED from [com.google.firebase:firebase-iid:11.0.2] AndroidManifest.xml:31:13-34:29
intent-filter#action:name:com.google.android.c2dm.intent.RECEIVE+category:name:be.ecam.sept
ADDED from [com.google.firebase:firebase-iid:11.0.2] AndroidManifest.xml:31:13-34:29
action#com.google.android.c2dm.intent.RECEIVE
ADDED from [com.google.firebase:firebase-iid:11.0.2] AndroidManifest.xml:32:17-80
	android:name
		ADDED from [com.google.firebase:firebase-iid:11.0.2] AndroidManifest.xml:32:25-78
category#${applicationId}
ADDED from [com.google.firebase:firebase-iid:11.0.2] AndroidManifest.xml:33:17-60
	android:name
		ADDED from [com.google.firebase:firebase-iid:11.0.2] AndroidManifest.xml:33:27-58
category#be.ecam.sept
ADDED from [com.google.firebase:firebase-iid:11.0.2] AndroidManifest.xml:33:17-60
	android:name
		ADDED from [com.google.firebase:firebase-iid:11.0.2] AndroidManifest.xml:33:27-58
receiver#com.google.firebase.iid.FirebaseInstanceIdInternalReceiver
ADDED from [com.google.firebase:firebase-iid:11.0.2] AndroidManifest.xml:39:9-119
	android:exported
		ADDED from [com.google.firebase:firebase-iid:11.0.2] AndroidManifest.xml:39:93-117
	android:name
		ADDED from [com.google.firebase:firebase-iid:11.0.2] AndroidManifest.xml:39:19-92
service#com.google.firebase.iid.FirebaseInstanceIdService
ADDED from [com.google.firebase:firebase-iid:11.0.2] AndroidManifest.xml:43:9-47:19
	android:exported
		ADDED from [com.google.firebase:firebase-iid:11.0.2] AndroidManifest.xml:43:83-106
	android:name
		ADDED from [com.google.firebase:firebase-iid:11.0.2] AndroidManifest.xml:43:18-82
intent-filter#action:name:com.google.firebase.INSTANCE_ID_EVENT
ADDED from [com.google.firebase:firebase-iid:11.0.2] AndroidManifest.xml:44:13-46:29
	android:priority
		ADDED from [com.google.firebase:firebase-iid:11.0.2] AndroidManifest.xml:44:28-51
action#com.google.firebase.INSTANCE_ID_EVENT
ADDED from [com.google.firebase:firebase-iid:11.0.2] AndroidManifest.xml:45:17-79
	android:name
		ADDED from [com.google.firebase:firebase-iid:11.0.2] AndroidManifest.xml:45:25-77
provider#com.google.firebase.provider.FirebaseInitProvider
ADDED from [com.google.firebase:firebase-common:11.0.2] AndroidManifest.xml:6:9-194
	android:authorities
		ADDED from [com.google.firebase:firebase-common:11.0.2] AndroidManifest.xml:6:19-78
	android:exported
		ADDED from [com.google.firebase:firebase-common:11.0.2] AndroidManifest.xml:6:144-168
	android:initOrder
		ADDED from [com.google.firebase:firebase-common:11.0.2] AndroidManifest.xml:6:169-192
	android:name
		ADDED from [com.google.firebase:firebase-common:11.0.2] AndroidManifest.xml:6:79-143
activity#com.google.android.gms.common.api.GoogleApiActivity
ADDED from [com.google.android.gms:play-services-base:11.0.2] AndroidManifest.xml:19:9-172
	android:exported
		ADDED from [com.google.android.gms:play-services-base:11.0.2] AndroidManifest.xml:19:146-170
	android:theme
		ADDED from [com.google.android.gms:play-services-base:11.0.2] AndroidManifest.xml:19:86-145
	android:name
		ADDED from [com.google.android.gms:play-services-base:11.0.2] AndroidManifest.xml:19:19-85
meta-data#com.google.android.gms.version
ADDED from [com.google.android.gms:play-services-basement:11.0.2] AndroidManifest.xml:20:9-121
	android:value
		ADDED from [com.google.android.gms:play-services-basement:11.0.2] AndroidManifest.xml:20:66-119
	android:name
		ADDED from [com.google.android.gms:play-services-basement:11.0.2] AndroidManifest.xml:20:20-65